<?xml version="1.0" encoding="UTF-8"?>
<!-- Generated by org.testng.reporters.JUnitXMLReporter -->
<testsuite ignored="3" hostname="DESKTOP-H41JRIE" failures="1" tests="1" name="Amazon Single Method Test" time="26.054" errors="0" timestamp="2025-05-20T11:47:56 IST">
  <testcase classname="com.testNG.TNG_08_GetScreenshot_SkipFunction_Assertions" name="testSellLink" time="18.979">
    <failure type="java.lang.AssertionError" message=" sell url is invalid, please verify expected [https://www.nitin.in/b/32702023031?node=32702023031&amp;amp;ld=AZINSOANavDesktop_T3&amp;amp;ref_=nav_cs_sell_T3] but found [https://www.amazon.in/b/32702023031?node=32702023031&amp;amp;ld=AZINSOANavDesktop_T3&amp;amp;ref_=nav_cs_sell_T3]">
      <![CDATA[java.lang.AssertionError:  sell url is invalid, please verify expected [https://www.nitin.in/b/32702023031?node=32702023031&ld=AZINSOANavDesktop_T3&ref_=nav_cs_sell_T3] but found [https://www.amazon.in/b/32702023031?node=32702023031&ld=AZINSOANavDesktop_T3&ref_=nav_cs_sell_T3]
at com.testNG.TNG_08_GetScreenshot_SkipFunction_Assertions.testSellLink(TNG_08_GetScreenshot_SkipFunction_Assertions.java:40)
at java.base/java.util.ArrayList.forEach(ArrayList.java:1596)
... Removed 30 stack frames]]>
    </failure>
  </testcase> <!-- testSellLink -->
  <testcase classname="com.testNG.TNG_08_GetScreenshot_SkipFunction_Assertions" name="testElectronicLink" time="0.0">
    <ignored/>
  </testcase> <!-- testElectronicLink -->
  <testcase classname="com.testNG.TNG_08_GetScreenshot_SkipFunction_Assertions" name="testMobilesLink" time="0.0">
    <ignored/>
  </testcase> <!-- testMobilesLink -->
  <testcase classname="com.testNG.TNG_08_GetScreenshot_SkipFunction_Assertions" name="testBestSellerLink" time="0.0">
    <ignored/>
  </testcase> <!-- testBestSellerLink -->
</testsuite> <!-- Amazon Single Method Test -->
